2026-03-04 14:13:16,224 - ERROR - Form data requires "python-multipart" to be installed. 
You can install "python-multipart" with: 

pip install python-multipart

2026-03-04 14:16:10,453 - INFO - GET /docs Status: 200 Time: 0.00s
2026-03-04 14:16:10,708 - INFO - GET /openapi.json Status: 200 Time: 0.03s
2026-03-05 13:13:56,659 - INFO - User registered successfully: satadru
2026-03-05 13:14:11,171 - WARNING - Registration attempt failed (user exists): satadru
2026-03-05 13:15:10,240 - INFO - JWT token created
2026-03-05 13:15:10,240 - INFO - User login successful: satadru
2026-03-05 13:16:04,724 - INFO - JWT token created
2026-03-05 13:16:04,724 - INFO - User login successful: satadru
2026-03-05 13:37:44,692 - WARNING - Invalid or expired JWT token
2026-03-05 13:38:12,084 - WARNING - Invalid or expired JWT token
2026-03-05 13:39:28,093 - WARNING - Failed login attempt: satadru
2026-03-05 13:40:27,166 - INFO - User registered successfully: satadru
2026-03-05 13:43:17,739 - INFO - JWT token created
2026-03-05 13:43:17,740 - INFO - User login successful: satadru
2026-03-05 13:44:24,061 - INFO - JWT token created
2026-03-05 13:44:24,061 - INFO - User login successful: satadru
2026-03-05 13:58:23,282 - WARNING - Invalid or expired JWT token
2026-03-05 14:08:00,951 - INFO - User registered successfully: satadru
2026-03-05 14:08:27,076 - INFO - JWT token created
2026-03-05 14:08:27,076 - INFO - User login successful: satadru
2026-03-05 14:08:49,405 - INFO - JWT token created
2026-03-05 14:08:49,406 - INFO - User login successful: satadru
2026-03-05 14:12:26,267 - INFO - JWT token created
2026-03-05 14:12:26,267 - INFO - User login successful: satadru
2026-03-05 14:12:41,397 - INFO - JWT token created
2026-03-05 14:12:41,397 - INFO - User login successful: satadru
